<?xml version="1.0" encoding="UTF-8"?>
<!-- Generated by org.testng.reporters.JUnitReportReporter -->
<testsuite hostname="C02FX0UNMD6M.local" failures="0" tests="2" name="org.example.FacebookTest" time="12.525" errors="0" timestamp="2024-12-01T02:17:18 IST" skipped="0">
  <testcase classname="org.example.FacebookTest" name="openLoginPage" time="3.890"/>
  <testcase classname="org.example.FacebookTest" name="signInInvalid" time="8.635"/>
</testsuite> <!-- org.example.FacebookTest -->
